This is pdfTeX, Version 3.1415926-2.5-1.40.14 (MiKTeX 2.9) (preloaded format=pdflatex 2015.4.7)  25 MAY 2016 16:41
entering extended mode
**cavityforces.tex
("C:\Users\nick\Desktop\Nick Research\cavityforces.tex"
LaTeX2e <2011/06/27>
Babel <v3.8m> and hyphenation patterns for english, afrikaans, ancientgreek, ar
abic, armenian, assamese, basque, bengali, bokmal, bulgarian, catalan, coptic, 
croatian, czech, danish, dutch, esperanto, estonian, farsi, finnish, french, ga
lician, german, german-x-2013-05-26, greek, gujarati, hindi, hungarian, iceland
ic, indonesian, interlingua, irish, italian, kannada, kurmanji, latin, latvian,
 lithuanian, malayalam, marathi, mongolian, mongolianlmc, monogreek, ngerman, n
german-x-2013-05-26, nynorsk, oriya, panjabi, pinyin, polish, portuguese, roman
ian, russian, sanskrit, serbian, slovak, slovenian, spanish, swedish, swissgerm
an, tamil, telugu, turkish, turkmen, ukenglish, ukrainian, uppersorbian, usengl
ishmax, welsh, loaded.
("C:\Program Files (x86)\MiKTeX 2.9\tex\latex\revtex\revtex4-1.cls"
Document Class: revtex4-1 2010/07/25/20:33:00 4.1r (http://publish.aps.org/revt
ex4/ for documentation)
 Copyright (c) 2009 The American Physical Society.
 mailto:revtex@aps.org
 Licensed under the LPPL:
http://www.ctan.org/tex-archive/macros/latex/base/lppl.txt
 Arthur Ogawa <arthur_ogawa at sbcglobal dot net>
 Based on work by David Carlisle <david at dcarlisle.demon.co.uk>.
ltxutil[2010/07/25/20:33:00 4.1r utilities package (portions licensed from W. E
. Baxter web at superscript.com)]
LaTeX Info: Redefining \@centercr on input line 308.
Class revtex4-1 Info: Repairing broken LaTeX eqnarray on input line 358.
\eqncolsep=\skip41
Class revtex4-1 Info: Repairing hyperref-unfriendly LaTeX definition of \mpfoot
note on input line 433.
Class revtex4-1 Info: Repairing broken LateX \@sect on input line 755.
\intertabularlinepenalty=\count79
\@tbpen=\count80
\@arstrutbox@hline=\box26
Class revtex4-1 Info: Repairing broken LaTeX \@xbitor on input line 1786.
Class revtex4-1 Info: Making \typeout \long on input line 2046.
ltxfront[2010/07/25/20:33:00 4.1r frontmatter package (AO,DPC)]
\c@affil=\count81
\c@collab=\count82
\absbox=\box27
ltxgrid[2010/07/25/20:33:00 4.1r page grid package (portions licensed from W. E
. Baxter web at superscript.com)]
\c@linecount=\count83
\output@latex=\toks14
\box@size@1=\box28
\box@size@2=\box29
\@protection@box=\box30
\@topmark@saved=\toks15
\footins@saved=\box31
\footins@recovered=\box32
\column@recovered=\box33
\pagesofar=\box34
\footsofar=\box35
\pagegrid@col=\count84
Class revtex4-1 Info: Overriding \@vspace, \@vspacer, \@no@pgbk, \@newline, and
 \\  on input line 5578.
\c@part=\count85
\c@section=\count86
\c@subsection=\count87
\c@subsubsection=\count88
\c@paragraph=\count89
\c@subparagraph=\count90
\abovecaptionskip=\skip42
\belowcaptionskip=\skip43
\c@figure=\count91
\fbox@1=\box36
\c@table=\count92
\fbox@2=\box37
\c@video=\count93
\fbox@4=\box38
\@bibdataout=\write3
\widetext@top=\box39
\widetext@bot=\box40
Class revtex4-1 Info: Selecting society aps on input line 7542.
("C:\Program Files (x86)\MiKTeX 2.9\tex\latex\revtex\aps4-1.rtx"
File: aps4-1 2010/07/25/20:33:00 4.1r (http://publish.aps.org/revtex4/ for docu
mentation)
Class revtex4-1 Info: RevTeX society APS selected on input line 31.
)
Class revtex4-1 Info: Selecting journal pra on input line 7544.
Class revtex4-1 Info: APS journal PRA selected on input line 7545.


Class revtex4-1 Warning: No type size specified, using default 10.

("C:\Program Files (x86)\MiKTeX 2.9\tex\latex\revtex\aps10pt4-1.rtx"
File: aps10pt4-1 2010/07/25/20:33:00 4.1r (http://publish.aps.org/revtex4/ for 
documentation)
Class revtex4-1 Info: RevTeX pointsize 10pt selected on input line 30.
)
("C:\Program Files (x86)\MiKTeX 2.9\tex\latex\textcase\textcase.sty"
Package: textcase 2004/10/07 v0.07 Text only upper/lower case changing (DPC)
)
("C:\Program Files (x86)\MiKTeX 2.9\tex\latex\url\url.sty"
\Urlmuskip=\muskip10
Package: url 2013/09/16  ver 3.4  Verb mode for urls, etc.
)
("C:\Program Files (x86)\MiKTeX 2.9\tex\latex\natbib\natbib.sty"
Package: natbib 2010/09/13 8.31b (PWD, AO)
\bibhang=\skip44
\bibsep=\skip45
LaTeX Info: Redefining \cite on input line 694.
\c@NAT@ctr=\count94
)
Class revtex4-1 Info: Repairing natbib's \BibitemShut on input line 7549.

("C:\Program Files (x86)\MiKTeX 2.9\tex\latex\revtex\revsymb4-1.sty"
Package: revsymb4-1 2010/07/25/20:33:00 4.1r (http://publish.aps.org/revtex4/ f
or documentation)
LaTeX Info: Redefining \REV@mathfrak on input line 119.
))
("C:\Program Files (x86)\MiKTeX 2.9\tex\latex\amscls\amsthm.sty"
Package: amsthm 2004/08/06 v2.20
\thm@style=\toks16
\thm@bodyfont=\toks17
\thm@headfont=\toks18
\thm@notefont=\toks19
\thm@headpunct=\toks20
\thm@preskip=\skip46
\thm@postskip=\skip47
\thm@headsep=\skip48
\dth@everypar=\toks21
)
("C:\Program Files (x86)\MiKTeX 2.9\tex\latex\amsmath\amsmath.sty"
Package: amsmath 2013/01/14 v2.14 AMS math features
\@mathmargin=\skip49

For additional information on amsmath, use the `?' option.
("C:\Program Files (x86)\MiKTeX 2.9\tex\latex\amsmath\amstext.sty"
Package: amstext 2000/06/29 v2.01

("C:\Program Files (x86)\MiKTeX 2.9\tex\latex\amsmath\amsgen.sty"
File: amsgen.sty 1999/11/30 v2.0
\@emptytoks=\toks22
\ex@=\dimen102
)
LaTeX Info: Redefining \text on input line 39.
)
("C:\Program Files (x86)\MiKTeX 2.9\tex\latex\amsmath\amsbsy.sty"
Package: amsbsy 1999/11/29 v1.2d
\pmbraise@=\dimen103
)
("C:\Program Files (x86)\MiKTeX 2.9\tex\latex\amsmath\amsopn.sty"
Package: amsopn 1999/12/14 v2.01 operator names
)
\inf@bad=\count95
LaTeX Info: Redefining \frac on input line 210.
\uproot@=\count96
\leftroot@=\count97
LaTeX Info: Redefining \overline on input line 306.
\classnum@=\count98
\DOTSCASE@=\count99
LaTeX Info: Redefining \ldots on input line 378.
LaTeX Info: Redefining \dots on input line 381.
LaTeX Info: Redefining \cdots on input line 466.
\Mathstrutbox@=\box41
\strutbox@=\box42
\big@size=\dimen104
LaTeX Font Info:    Redeclaring font encoding OML on input line 566.
LaTeX Font Info:    Redeclaring font encoding OMS on input line 567.
\macc@depth=\count100
\c@MaxMatrixCols=\count101
\dotsspace@=\muskip11
\c@parentequation=\count102
\dspbrk@lvl=\count103
\tag@help=\toks23
\row@=\count104
\column@=\count105
\maxfields@=\count106
\andhelp@=\toks24
\eqnshift@=\dimen105
\alignsep@=\dimen106
\tagshift@=\dimen107
\tagwidth@=\dimen108
\totwidth@=\dimen109
\lineht@=\dimen110
\@envbody=\toks25
\multlinegap=\skip50
\multlinetaggap=\skip51
\mathdisplay@stack=\toks26
LaTeX Info: Redefining \[ on input line 2665.
LaTeX Info: Redefining \] on input line 2666.
)
("C:\Program Files (x86)\MiKTeX 2.9\tex\latex\graphics\graphicx.sty"
Package: graphicx 1999/02/16 v1.0f Enhanced LaTeX Graphics (DPC,SPQR)

("C:\Program Files (x86)\MiKTeX 2.9\tex\latex\graphics\keyval.sty"
Package: keyval 1999/03/16 v1.13 key=value parser (DPC)
\KV@toks@=\toks27
)
("C:\Program Files (x86)\MiKTeX 2.9\tex\latex\graphics\graphics.sty"
Package: graphics 2009/02/05 v1.0o Standard LaTeX Graphics (DPC,SPQR)

("C:\Program Files (x86)\MiKTeX 2.9\tex\latex\graphics\trig.sty"
Package: trig 1999/03/16 v1.09 sin cos tan (DPC)
)
("C:\Program Files (x86)\MiKTeX 2.9\tex\latex\00miktex\graphics.cfg"
File: graphics.cfg 2007/01/18 v1.5 graphics configuration of teTeX/TeXLive
)
Package graphics Info: Driver file: pdftex.def on input line 91.

("C:\Program Files (x86)\MiKTeX 2.9\tex\latex\pdftex-def\pdftex.def"
File: pdftex.def 2011/05/27 v0.06d Graphics/color for pdfTeX

("C:\Program Files (x86)\MiKTeX 2.9\tex\generic\oberdiek\infwarerr.sty"
Package: infwarerr 2010/04/08 v1.3 Providing info/warning/error messages (HO)
)
("C:\Program Files (x86)\MiKTeX 2.9\tex\generic\oberdiek\ltxcmds.sty"
Package: ltxcmds 2011/11/09 v1.22 LaTeX kernel commands for general use (HO)
)
\Gread@gobject=\count107
))
\Gin@req@height=\dimen111
\Gin@req@width=\dimen112
)
("C:\Program Files (x86)\MiKTeX 2.9\tex\latex\amsfonts\amssymb.sty"
Package: amssymb 2013/01/14 v3.01 AMS font symbols

("C:\Program Files (x86)\MiKTeX 2.9\tex\latex\amsfonts\amsfonts.sty"
Package: amsfonts 2013/01/14 v3.01 Basic AMSFonts support
\symAMSa=\mathgroup4
\symAMSb=\mathgroup5
LaTeX Font Info:    Overwriting math alphabet `\mathfrak' in version `bold'
(Font)                  U/euf/m/n --> U/euf/b/n on input line 106.
LaTeX Info: Redefining \frak on input line 111.
LaTeX Info: Redefining \Bbb on input line 113.
))
("C:\Program Files (x86)\MiKTeX 2.9\tex\latex\tools\bm.sty"
Package: bm 2004/02/26 v1.1c Bold Symbol Support (DPC/FMi)
\symboldoperators=\mathgroup6
\symboldletters=\mathgroup7
\symboldsymbols=\mathgroup8
LaTeX Font Info:    Redeclaring math alphabet \mathbf on input line 138.
LaTeX Info: Redefining \bm on input line 204.
)
("C:\Program Files (x86)\MiKTeX 2.9\tex\latex\base\latexsym.sty"
Package: latexsym 1998/08/17 v2.2e Standard LaTeX package (lasy symbols)
\symlasy=\mathgroup9
LaTeX Font Info:    Overwriting symbol font `lasy' in version `bold'
(Font)                  U/lasy/m/n --> U/lasy/b/n on input line 47.
)
("C:\Program Files (x86)\MiKTeX 2.9\tex\generic\babel\babel.sty"
Package: babel 2008/07/08 v3.8m The Babel package

*************************************
* Local config file bblopts.cfg used
*
("C:\Program Files (x86)\MiKTeX 2.9\tex\latex\00miktex\bblopts.cfg"
File: bblopts.cfg 2006/07/31 v1.0 MiKTeX 'babel' configuration
)
("C:\Program Files (x86)\MiKTeX 2.9\tex\generic\babel\english.ldf"
Language: english 2005/03/30 v3.3o English support from the babel system

("C:\Program Files (x86)\MiKTeX 2.9\tex\generic\babel\babel.def"
File: babel.def 2008/07/08 v3.8m Babel common definitions
\babel@savecnt=\count108
\U@D=\dimen113
)
\l@canadian = a dialect from \language\l@american 
\l@australian = a dialect from \language\l@british 
\l@newzealand = a dialect from \language\l@british 
))
Class revtex4-1 Info: Patching LaTeX tabular. on input line 32.
Class revtex4-1 Info: Robustifying \LaTeX's \boldmath command on input line 32.

Class revtex4-1 Info: cite was not loaded (OK!) on input line 32.
Class revtex4-1 Info: mcite was not loaded (OK!) on input line 32.
Class revtex4-1 Info: multicol was not loaded (OK!) on input line 32.

No file cavityforces.aux.
LaTeX Font Info:    Checking defaults for OML/cmm/m/it on input line 32.
LaTeX Font Info:    ... okay on input line 32.
LaTeX Font Info:    Checking defaults for T1/cmr/m/n on input line 32.
LaTeX Font Info:    ... okay on input line 32.
LaTeX Font Info:    Checking defaults for OT1/cmr/m/n on input line 32.
LaTeX Font Info:    ... okay on input line 32.
LaTeX Font Info:    Checking defaults for OMS/cmsy/m/n on input line 32.
LaTeX Font Info:    ... okay on input line 32.
LaTeX Font Info:    Checking defaults for OMX/cmex/m/n on input line 32.
LaTeX Font Info:    ... okay on input line 32.
LaTeX Font Info:    Checking defaults for U/cmr/m/n on input line 32.
LaTeX Font Info:    ... okay on input line 32.
("C:\Program Files (x86)\MiKTeX 2.9\tex\context\base\supp-pdf.mkii"
[Loading MPS to PDF converter (version 2006.09.02).]
\scratchcounter=\count109
\scratchdimen=\dimen114
\scratchbox=\box43
\nofMPsegments=\count110
\nofMParguments=\count111
\everyMPshowfont=\toks28
\MPscratchCnt=\count112
\MPscratchDim=\dimen115
\MPnumerator=\count113
\makeMPintoPDFobject=\count114
\everyMPtoPDFconversion=\toks29
)
LaTeX Font Info:    Try loading font information for U+msa on input line 47.
 ("C:\Program Files (x86)\MiKTeX 2.9\tex\latex\amsfonts\umsa.fd"
File: umsa.fd 2013/01/14 v3.01 AMS symbols A
)
LaTeX Font Info:    Try loading font information for U+msb on input line 47.

("C:\Program Files (x86)\MiKTeX 2.9\tex\latex\amsfonts\umsb.fd"
File: umsb.fd 2013/01/14 v3.01 AMS symbols B
)
LaTeX Font Info:    Try loading font information for U+lasy on input line 47.

("C:\Program Files (x86)\MiKTeX 2.9\tex\latex\base\ulasy.fd"
File: ulasy.fd 1998/08/17 v2.2e LaTeX symbol font definitions
)

Class revtex4-1 Warning: If you want your PACS to appear in your output, use do
cument class option showpacs.


Package natbib Warning: Citation `barnett' on page 1 undefined on input line 57
.


Package natbib Warning: Citation `chiao' on page 1 undefined on input line 57.


Package natbib Warning: Citation `mansuripur' on page 1 undefined on input line
 57.


Package natbib Warning: Citation `ketterle' on page 1 undefined on input line 5
7.


Package natbib Warning: Citation `feng' on page 1 undefined on input line 57.


Package natbib Warning: Citation `hinds' on page 1 undefined on input line 57.


Package natbib Warning: Citation `loudon' on page 1 undefined on input line 57.



LaTeX Warning: Reference `sec:deltafunctionmodel' on page 1 undefined on input 
line 58.


LaTeX Warning: Reference `sec:AnalyticExpressions' on page 1 undefined on input
 line 58.


LaTeX Warning: Reference `sec:force' on page 1 undefined on input line 58.


LaTeX Warning: Reference `sec:Energy' on page 1 undefined on input line 58.


LaTeX Warning: Reference `sec:conclusion' on page 1 undefined on input line 58.



Package natbib Warning: Citation `cohentannoudji' on page 1 undefined on input 
line 58.


LaTeX Warning: Reference `fig:cavitysetup' on page 1 undefined on input line 68
.

<CavitySetupNew.pdf, id=1, 868.24374pt x 647.41875pt>
File: CavitySetupNew.pdf Graphic file (type pdf)
 <use CavitySetupNew.pdf>
Package pdftex.def Info: CavitySetupNew.pdf used on input line 72.
(pdftex.def)             Requested size: 246.0pt x 183.42958pt.


Package natbib Warning: Citation `lang73' on page 1 undefined on input line 80.


[1{C:/ProgramData/MiKTeX/2.9/pdftex/config/pdftex.map} <C:/Users/nick/Desktop/N
ick Research/CavitySetupNew.pdf>]

LaTeX Warning: Reference `maxwell' on page 2 undefined on input line 106.


LaTeX Warning: Reference `maxwell2' on page 2 undefined on input line 120.


Package natbib Warning: Citation `lang73' on page 2 undefined on input line 126
.


LaTeX Warning: Reference `sec:AnalyticExpressions' on page 2 undefined on input
 line 131.


LaTeX Warning: Reference `fig:openvsclosed' on page 2 undefined on input line 1
48.


LaTeX Warning: Reference `A/B' on page 2 undefined on input line 148.


! LaTeX Error: File `AmplitudeComparison10times' not found.

See the LaTeX manual or LaTeX Companion for explanation.
Type  H <return>  for immediate help.
 ...                                              
                                                  
l.154 ...\columnwidth]{AmplitudeComparison10times}
                                                  
I could not locate the file with any of these extensions:
.png,.pdf,.jpg,.mps,.jpeg,.jbig2,.jb2,.PNG,.PDF,.JPG,.JPEG,.JBIG2,.JB2
Try typing  <return>  to proceed.
If that doesn't work, type  X <return>  to quit.


LaTeX Warning: Reference `A/B' on page 2 undefined on input line 155.


LaTeX Warning: Reference `A/B' on page 2 undefined on input line 155.


LaTeX Warning: Reference `transcendental' on page 2 undefined on input line 160
.


LaTeX Warning: Reference `transcendental' on page 2 undefined on input line 161
.


LaTeX Warning: Reference `fig:wavenumberapprox' on page 2 undefined on input li
ne 178.


LaTeX Warning: Reference `wavenumber1' on page 2 undefined on input line 178.


! LaTeX Error: File `WavenumberApprox' not found.

See the LaTeX manual or LaTeX Companion for explanation.
Type  H <return>  for immediate help.
 ...                                              
                                                  
l.184 ...[width=0.8\columnwidth]{WavenumberApprox}
                                                  
I could not locate the file with any of these extensions:
.png,.pdf,.jpg,.mps,.jpeg,.jbig2,.jb2,.PNG,.PDF,.JPG,.JPEG,.JBIG2,.JB2
Try typing  <return>  to proceed.
If that doesn't work, type  X <return>  to quit.


LaTeX Warning: Reference `wavenumber1' on page 2 undefined on input line 185.


LaTeX Warning: Reference `wavenumber1' on page 2 undefined on input line 185.


LaTeX Warning: Reference `wavenumber1' on page 2 undefined on input line 190.


Package natbib Warning: Citation `domokos08' on page 2 undefined on input line 
206.


LaTeX Warning: Reference `fig:cavitysetup' on page 2 undefined on input line 20
6.


Package natbib Warning: Citation `griffiths' on page 2 undefined on input line 
206.

[2]

! LaTeX Error: File `GaussianPillbox4' not found.

See the LaTeX manual or LaTeX Companion for explanation.
Type  H <return>  for immediate help.
 ...                                              
                                                  
l.210 ...cs[width=1\columnwidth]{GaussianPillbox4}
                                                  
I could not locate the file with any of these extensions:
.png,.pdf,.jpg,.mps,.jpeg,.jbig2,.jb2,.PNG,.PDF,.JPG,.JPEG,.JBIG2,.JB2
Try typing  <return>  to proceed.
If that doesn't work, type  X <return>  to quit.


LaTeX Warning: Reference `stresstensor1' on page 3 undefined on input line 232.



LaTeX Warning: Reference `A/B' on page 3 undefined on input line 255.


LaTeX Warning: Reference `force1' on page 3 undefined on input line 257.


LaTeX Warning: Reference `A/B' on page 3 undefined on input line 264.


LaTeX Warning: Reference `force2' on page 3 undefined on input line 264.


LaTeX Warning: Reference `energydensity1' on page 3 undefined on input line 271
.


LaTeX Warning: Reference `force2' on page 3 undefined on input line 272.


LaTeX Warning: Reference `Minkkowskiforce1' on page 3 undefined on input line 2
79.


LaTeX Warning: Reference `Minkowskiforce2' on page 3 undefined on input line 29
3.


LaTeX Warning: Reference `Minkowskiforce2' on page 3 undefined on input line 29
9.


Overfull \hbox (16.95375pt too wide) in alignment at lines 301--305
 [][][] []
 []

[3]

LaTeX Warning: Reference `stresstensor2' on page 4 undefined on input line 315.



LaTeX Warning: Reference `force2' on page 4 undefined on input line 315.


LaTeX Warning: Reference `energydensity1' on page 4 undefined on input line 315
.


LaTeX Warning: Reference `force2' on page 4 undefined on input line 315.


Package natbib Warning: Citation `griffiths' on page 4 undefined on input line 
315.


LaTeX Warning: Reference `energydensity1' on page 4 undefined on input line 315
.


Package natbib Warning: Citation `griffiths' on page 4 undefined on input line 
315.


LaTeX Warning: Reference `refractiveindex' on page 4 undefined on input line 32
2.


LaTeX Warning: Reference `force2' on page 4 undefined on input line 323.


LaTeX Warning: Reference `Minkowskiforce4' on page 4 undefined on input line 33
0.


LaTeX Warning: Reference `Minkowskiforce4' on page 4 undefined on input line 33
1.


LaTeX Warning: Reference `Abrahamforce2' on page 4 undefined on input line 338.



LaTeX Warning: Reference `Minkowskiforce4' on page 4 undefined on input line 33
8.


LaTeX Warning: Reference `sec:Energy' on page 4 undefined on input line 338.


LaTeX Warning: Reference `sec:AnalyticExpressions' on page 4 undefined on input
 line 345.


LaTeX Warning: Reference `sec:force' on page 4 undefined on input line 345.


LaTeX Warning: Reference `MinEnergy1' on page 4 undefined on input line 362.


LaTeX Warning: Reference `MinEnergy1' on page 4 undefined on input line 362.


LaTeX Warning: Reference `refractiveindex' on page 4 undefined on input line 37
0.


Overfull \hbox (3.30202pt too wide) detected at line 375
\OML/cmm/m/it/10 E[] \OT1/cmr/m/n/10 = \U/msb/m/n/10 ~\OML/cmm/m/it/10 c[] [] \
OT1/cmr/m/n/10 = \U/msb/m/n/10 ~\OML/cmm/m/it/10 ck[]n[]
 []


LaTeX Warning: Reference `AbrEnergy4' on page 4 undefined on input line 378.

[4]

LaTeX Warning: Reference `AbrEnergy2' on page 5 undefined on input line 409.


Package natbib Warning: Citation `Hinds' on page 5 undefined on input line 420.



LaTeX Warning: Reference `lorentzdipole1' on page 5 undefined on input line 435
.


LaTeX Warning: Reference `sec:force' on page 5 undefined on input line 449.


Package natbib Warning: Citation `cohentannoudji' on page 5 undefined on input 
line 509.


LaTeX Warning: Reference `refractiveindex' on page 5 undefined on input line 51
5.


Package natbib Warning: Citation `cohentannoudji' on page 5 undefined on input 
line 521.


LaTeX Warning: Reference `sec:force' on page 5 undefined on input line 521.


LaTeX Warning: Reference `perm' on page 5 undefined on input line 522.


LaTeX Warning: Reference `force1' on page 5 undefined on input line 524.


LaTeX Warning: Reference `fig:gaussianpillbox' on page 5 undefined on input lin
e 532.


Package natbib Warning: Citation `us' on page 5 undefined on input line 545.

[5]

LaTeX Warning: Reference `force1' on page 6 undefined on input line 558.


LaTeX Warning: Reference `f2' on page 6 undefined on input line 582.


Package natbib Warning: Citation `cohentannoudji' on page 6 undefined on input 
line 583.


LaTeX Warning: Reference `cohentannoudjiforce1' on page 6 undefined on input li
ne 604.


LaTeX Warning: Reference `cohentannoudjiforce2' on page 6 undefined on input li
ne 611.


LaTeX Warning: Reference `f2' on page 6 undefined on input line 611.


LaTeX Warning: Reference `cohentannoudjiforce2' on page 6 undefined on input li
ne 619.


LaTeX Warning: Reference `cohentannoudjiforce3' on page 6 undefined on input li
ne 619.


! LaTeX Error: File `MaxwellForcevsCoherentForce' not found.

See the LaTeX manual or LaTeX Companion for explanation.
Type  H <return>  for immediate help.
 ...                                              
                                                  
l.623 ...columnwidth]{MaxwellForcevsCoherentForce}
                                                  
I could not locate the file with any of these extensions:
.png,.pdf,.jpg,.mps,.jpeg,.jbig2,.jb2,.PNG,.PDF,.JPG,.JPEG,.JBIG2,.JB2
Try typing  <return>  to proceed.
If that doesn't work, type  X <return>  to quit.


LaTeX Warning: Reference `f2' on page 6 undefined on input line 624.


LaTeX Warning: Reference `f2' on page 6 undefined on input line 624.


LaTeX Warning: Reference `f2' on page 6 undefined on input line 624.


LaTeX Warning: Reference `f2' on page 6 undefined on input line 624.


Overfull \hbox (49.00087pt too wide) in paragraph at lines 627--628
[]\OT1/cmr/m/n/10 ********************************************************* 
 []


LaTeX Warning: Reference `f2' on page 6 undefined on input line 629.


Package natbib Warning: Citation `cohentannoudji' on page 6 undefined on input 
line 644.

[6]

Package natbib Warning: Citation `cohentannoudji' on page 7 undefined on input 
line 653.


LaTeX Warning: Reference `dispersive2' on page 7 undefined on input line 669.


LaTeX Warning: Reference `secondforce2' on page 7 undefined on input line 669.


LaTeX Warning: Reference `f2' on page 7 undefined on input line 669.


LaTeX Warning: Reference `f2' on page 7 undefined on input line 676.


LaTeX Warning: Reference `reflectioncoefficient' on page 7 undefined on input l
ine 676.


Package natbib Warning: Citation `griffiths' on page 7 undefined on input line 
683.


LaTeX Warning: Reference `LastBibItem' on page 7 undefined on input line 685.


Underfull \hbox (badness 1194) in paragraph at lines 707--708
 []\OT1/cmr/m/n/9 C. Cohen-Tannoudji, J. Dupont-Roc, G. Gryn-berg,
 []

No file cavityforces.bbl.

Package natbib Warning: There were undefined citations.

[7] ("C:\Users\nick\Desktop\Nick Research\cavityforces.aux"

Package natbib Warning: Citation(s) may have changed.
(natbib)                Rerun to get citations correct.

)

LaTeX Warning: There were undefined references.


LaTeX Warning: Label(s) may have changed. Rerun to get cross-references right .


 ) 
Here is how much of TeX's memory you used:
 4633 strings out of 493921
 59064 string characters out of 3144880
 143407 words of memory out of 3000000
 7849 multiletter control sequences out of 15000+200000
 14524 words of font info for 57 fonts, out of 3000000 for 9000
 841 hyphenation exceptions out of 8191
 29i,19n,26p,1076b,284s stack positions out of 5000i,500n,10000p,200000b,50000s
<C:/Program Files (x86)/MiKTeX 2.9/fonts/type1/public/amsfonts/cm/cmbx10.pfb>
<C:/Program Files (x86)/MiKTeX 2.9/fonts/type1/public/amsfonts/cm/cmbx12.pfb><C
:/Program Files (x86)/MiKTeX 2.9/fonts/type1/public/amsfonts/cm/cmbx9.pfb><C:/P
rogram Files (x86)/MiKTeX 2.9/fonts/type1/public/amsfonts/cm/cmex10.pfb><C:/Pro
gram Files (x86)/MiKTeX 2.9/fonts/type1/public/amsfonts/cm/cmmi10.pfb><C:/Progr
am Files (x86)/MiKTeX 2.9/fonts/type1/public/amsfonts/cm/cmmi5.pfb><C:/Program 
Files (x86)/MiKTeX 2.9/fonts/type1/public/amsfonts/cm/cmmi6.pfb><C:/Program Fil
es (x86)/MiKTeX 2.9/fonts/type1/public/amsfonts/cm/cmmi7.pfb><C:/Program Files 
(x86)/MiKTeX 2.9/fonts/type1/public/amsfonts/cm/cmmi9.pfb><C:/Program Files (x8
6)/MiKTeX 2.9/fonts/type1/public/amsfonts/cm/cmr10.pfb><C:/Program Files (x86)/
MiKTeX 2.9/fonts/type1/public/amsfonts/cm/cmr5.pfb><C:/Program Files (x86)/MiKT
eX 2.9/fonts/type1/public/amsfonts/cm/cmr6.pfb><C:/Program Files (x86)/MiKTeX 2
.9/fonts/type1/public/amsfonts/cm/cmr7.pfb><C:/Program Files (x86)/MiKTeX 2.9/f
onts/type1/public/amsfonts/cm/cmr9.pfb><C:/Program Files (x86)/MiKTeX 2.9/fonts
/type1/public/amsfonts/cm/cmsy10.pfb><C:/Program Files (x86)/MiKTeX 2.9/fonts/t
ype1/public/amsfonts/cm/cmsy5.pfb><C:/Program Files (x86)/MiKTeX 2.9/fonts/type
1/public/amsfonts/cm/cmsy6.pfb><C:/Program Files (x86)/MiKTeX 2.9/fonts/type1/p
ublic/amsfonts/cm/cmsy7.pfb><C:/Program Files (x86)/MiKTeX 2.9/fonts/type1/publ
ic/amsfonts/cm/cmsy9.pfb><C:/Program Files (x86)/MiKTeX 2.9/fonts/type1/public/
amsfonts/cm/cmti9.pfb><C:/Program Files (x86)/MiKTeX 2.9/fonts/type1/public/ams
fonts/symbols/msbm10.pfb>
Output written on cavityforces.pdf (7 pages, 297566 bytes).
PDF statistics:
 113 PDF objects out of 1000 (max. 8388607)
 0 named destinations out of 1000 (max. 500000)
 6 words of extra memory for PDF output out of 10000 (max. 10000000)

